<?xml version="1.0" encoding="UTF-8"?>
<testng-results ignored="0" total="3" passed="3" failed="0" skipped="0">
  <reporter-output>
    <line>
      <![CDATA[hello postman]]>
    </line>
    <line>
      <![CDATA[hello selenium]]>
    </line>
    <line>
      <![CDATA[hello java]]>
    </line>
  </reporter-output>
  <suite started-at="2022-04-03T10:04:21 IST" name="Suite" finished-at="2022-04-03T10:04:21 IST" duration-ms="118">
    <groups>
    </groups>
    <test started-at="2022-04-03T10:04:21 IST" name="Test" finished-at="2022-04-03T10:04:21 IST" duration-ms="118">
      <class name="scripts.Testcase3">
        <test-method signature="tc3()[pri:0, instance:scripts.Testcase3@524d6d96]" started-at="2022-04-03T10:04:21 IST" name="tc3" finished-at="2022-04-03T10:04:21 IST" duration-ms="25" status="PASS">
          <reporter-output>
            <line>
              <![CDATA[hello postman]]>
            </line>
          </reporter-output>
        </test-method> <!-- tc3 -->
      </class> <!-- scripts.Testcase3 -->
      <class name="scripts.Testcase2">
        <test-method signature="tc2()[pri:0, instance:scripts.Testcase2@152aa092]" started-at="2022-04-03T10:04:21 IST" name="tc2" finished-at="2022-04-03T10:04:21 IST" duration-ms="2" status="PASS">
          <reporter-output>
            <line>
              <![CDATA[hello selenium]]>
            </line>
          </reporter-output>
        </test-method> <!-- tc2 -->
      </class> <!-- scripts.Testcase2 -->
      <class name="scripts.Testcase1">
        <test-method signature="tc1()[pri:0, instance:scripts.Testcase1@44a7bfbc]" started-at="2022-04-03T10:04:21 IST" name="tc1" finished-at="2022-04-03T10:04:21 IST" duration-ms="3" status="PASS">
          <reporter-output>
            <line>
              <![CDATA[hello java]]>
            </line>
          </reporter-output>
        </test-method> <!-- tc1 -->
      </class> <!-- scripts.Testcase1 -->
    </test> <!-- Test -->
  </suite> <!-- Suite -->
</testng-results>
